22:49:53.888 INFO  AUTOMATION - Suite iniciada: Default Suite
22:49:53.893 DEBUG AUTOMATION - Borrando las carpetas de evidencias
22:49:54.055 DEBUG AUTOMATION - Iniciando driver
22:50:03.785 DEBUG AUTOMATION - Iniciando el driver al driver provider
22:50:03.821 INFO  AUTOMATION - Esperando que la pagina cargue
22:50:05.564 INFO  AUTOMATION - a cargado correctamente
22:50:05.567 INFO  AUTOMATION - Comenzando el test: testCredencialesErroneas
22:50:05.603 INFO  AUTOMATION - Escriendo el username
22:50:06.184 INFO  AUTOMATION - Escriendo el password
22:50:07.229 INFO  AUTOMATION - Haciendo click en el boton de login
22:50:07.808 INFO  AUTOMATION - Esperando que el mensaje de error aparezca
22:50:08.539 INFO  AUTOMATION - Verificando el mensaje de error
22:50:08.627 DEBUG AUTOMATION - Tomando evidencia allure
22:50:08.636 INFO  AUTOMATION - Test exitoso: testCredencialesErroneas
22:50:08.638 DEBUG AUTOMATION - Finalizando driver
22:50:09.347 DEBUG AUTOMATION - Iniciando driver
22:50:17.204 DEBUG AUTOMATION - Iniciando el driver al driver provider
22:50:17.207 INFO  AUTOMATION - Esperando que la pagina cargue
22:50:18.970 INFO  AUTOMATION - a cargado correctamente
22:50:18.972 INFO  AUTOMATION - Comenzando el test: testCredencialesErroneas
22:50:18.974 INFO  AUTOMATION - Escriendo el username
22:50:19.551 INFO  AUTOMATION - Escriendo el password
22:50:20.617 INFO  AUTOMATION - Haciendo click en el boton de login
22:50:21.189 INFO  AUTOMATION - Esperando que el mensaje de error aparezca
22:50:21.882 INFO  AUTOMATION - Verificando el mensaje de error
22:50:21.957 DEBUG AUTOMATION - Tomando evidencia allure
22:50:22.513 INFO  AUTOMATION - Test fallido: testCredencialesErroneas
22:50:22.513 DEBUG AUTOMATION - Tomando captura
22:50:23.040 DEBUG AUTOMATION - Finalizando driver
22:50:23.791 DEBUG AUTOMATION - Iniciando driver
22:50:31.734 DEBUG AUTOMATION - Iniciando el driver al driver provider
22:50:31.737 INFO  AUTOMATION - Esperando que la pagina cargue
22:50:33.522 INFO  AUTOMATION - a cargado correctamente
22:50:33.523 INFO  AUTOMATION - Comenzando el test: testCredencialesValidas
22:50:33.528 INFO  AUTOMATION - Escriendo el username
22:50:33.602 INFO  AUTOMATION - Escriendo el password
22:50:34.164 INFO  AUTOMATION - Haciendo click en el boton de login
22:50:34.758 DEBUG AUTOMATION - Tomando evidencia allure
22:50:34.760 INFO  AUTOMATION - Test exitoso: testCredencialesValidas
22:50:34.762 DEBUG AUTOMATION - Finalizando driver
22:50:35.568 DEBUG AUTOMATION - Iniciando driver
22:50:43.393 DEBUG AUTOMATION - Iniciando el driver al driver provider
22:50:43.395 INFO  AUTOMATION - Esperando que la pagina cargue
22:50:45.185 INFO  AUTOMATION - a cargado correctamente
22:50:45.186 INFO  AUTOMATION - Comenzando el test: testValidandoCredenciasDefaultPagina
22:50:45.189 INFO  AUTOMATION - Verificando credenciales escritas default
22:50:45.332 DEBUG AUTOMATION - Haciendo swipe desde el punto (540, 981) al (540, 392)
22:50:45.333 DEBUG AUTOMATION - Moviendo el dedo al punto inicial
22:50:45.334 DEBUG AUTOMATION - Tocamos la pantalla en el punto de origen
22:50:45.335 DEBUG AUTOMATION - Pausa
22:50:45.335 DEBUG AUTOMATION - Movemos el dedo a la posicion final
22:50:45.335 DEBUG AUTOMATION - Dejamos de tocar la pantalla
22:50:45.335 DEBUG AUTOMATION - Ejecutamos las acciones
22:50:47.396 DEBUG AUTOMATION - Tomando evidencia allure
22:50:47.397 INFO  AUTOMATION - Test exitoso: testValidandoCredenciasDefaultPagina
22:50:47.399 DEBUG AUTOMATION - Finalizando driver
22:50:48.396 INFO  AUTOMATION - Suite finalizada: Default Suite
